{"/home/super-kiki/Bureau/Leslie/backend/src/app.js": {"path":"/home/super-kiki/Bureau/Leslie/backend/src/app.js","statementMap":{"0":{"start":{"line":1,"column":16},"end":{"line":1,"column":34}},"1":{"start":{"line":2,"column":13},"end":{"line":2,"column":28}},"2":{"start":{"line":3,"column":15},"end":{"line":3,"column":32}},"3":{"start":{"line":4,"column":15},"end":{"line":4,"column":32}},"4":{"start":{"line":6,"column":23},"end":{"line":6,"column":57}},"5":{"start":{"line":7,"column":22},"end":{"line":7,"column":55}},"6":{"start":{"line":8,"column":19},"end":{"line":8,"column":49}},"7":{"start":{"line":9,"column":21},"end":{"line":9,"column":58}},"8":{"start":{"line":11,"column":18},"end":{"line":11,"column":48}},"9":{"start":{"line":12,"column":24},"end":{"line":12,"column":64}},"10":{"start":{"line":13,"column":19},"end":{"line":13,"column":64}},"11":{"start":{"line":14,"column":12},"end":{"line":14,"column":21}},"12":{"start":{"line":16,"column":0},"end":{"line":24,"column":3}},"13":{"start":{"line":25,"column":0},"end":{"line":25,"column":18}},"14":{"start":{"line":26,"column":0},"end":{"line":26,"column":23}},"15":{"start":{"line":27,"column":0},"end":{"line":27,"column":24}},"16":{"start":{"line":30,"column":0},"end":{"line":30,"column":28}},"17":{"start":{"line":31,"column":0},"end":{"line":31,"column":44}},"18":{"start":{"line":32,"column":0},"end":{"line":32,"column":41}},"19":{"start":{"line":33,"column":0},"end":{"line":33,"column":34}},"20":{"start":{"line":34,"column":0},"end":{"line":34,"column":36}},"21":{"start":{"line":35,"column":0},"end":{"line":35,"column":36}},"22":{"start":{"line":36,"column":0},"end":{"line":36,"column":25}},"23":{"start":{"line":37,"column":0},"end":{"line":37,"column":21}}},"fnMap":{},"branchMap":{},"s":{"0":6,"1":6,"2":6,"3":6,"4":6,"5":6,"6":6,"7":6,"8":6,"9":6,"10":6,"11":6,"12":6,"13":6,"14":6,"15":6,"16":6,"17":6,"18":6,"19":6,"20":6,"21":6,"22":6,"23":6},"f":{},"b":{},"_coverageSchema":"1a1c01bbd47fc00a2c39e90264f33305004495a9","hash":"10780337f80d5f6f36fd143c1e284d6feedbd2da"}
,"/home/super-kiki/Bureau/Leslie/backend/src/config/cloudinary.js": {"path":"/home/super-kiki/Bureau/Leslie/backend/src/config/cloudinary.js","statementMap":{"0":{"start":{"line":1,"column":19},"end":{"line":1,"column":43}},"1":{"start":{"line":3,"column":0},"end":{"line":7,"column":3}},"2":{"start":{"line":9,"column":0},"end":{"line":9,"column":28}}},"fnMap":{},"branchMap":{},"s":{"0":5,"1":5,"2":5},"f":{},"b":{},"_coverageSchema":"1a1c01bbd47fc00a2c39e90264f33305004495a9","hash":"fd127c71e2cd3382a581a44845c4f12ca2fbec65"}
,"/home/super-kiki/Bureau/Leslie/backend/src/config/database.js": {"path":"/home/super-kiki/Bureau/Leslie/backend/src/config/database.js","statementMap":{"0":{"start":{"line":1,"column":22},"end":{"line":1,"column":42}},"1":{"start":{"line":2,"column":0},"end":{"line":2,"column":27}},"2":{"start":{"line":4,"column":15},"end":{"line":11,"column":1}},"3":{"start":{"line":13,"column":18},"end":{"line":18,"column":1}},"4":{"start":{"line":19,"column":0},"end":{"line":19,"column":27}},"5":{"start":{"line":21,"column":0},"end":{"line":21,"column":36}}},"fnMap":{},"branchMap":{"0":{"loc":{"start":{"line":9,"column":13},"end":{"line":9,"column":46}},"type":"binary-expr","locations":[{"start":{"line":9,"column":13},"end":{"line":9,"column":35}},{"start":{"line":9,"column":39},"end":{"line":9,"column":46}}],"line":9}},"s":{"0":6,"1":6,"2":6,"3":6,"4":6,"5":6},"f":{},"b":{"0":[6,0]},"_coverageSchema":"1a1c01bbd47fc00a2c39e90264f33305004495a9","hash":"71c01f4c80906923c7929f3c2eb8b5857c3c1f59"}
,"/home/super-kiki/Bureau/Leslie/backend/src/controllers/ProdController.js": {"path":"/home/super-kiki/Bureau/Leslie/backend/src/controllers/ProdController.js","statementMap":{"0":{"start":{"line":1,"column":37},"end":{"line":1,"column":57}},"1":{"start":{"line":2,"column":15},"end":{"line":2,"column":35}},"2":{"start":{"line":4,"column":0},"end":{"line":40,"column":2}},"3":{"start":{"line":5,"column":2},"end":{"line":39,"column":3}},"4":{"start":{"line":6,"column":45},"end":{"line":6,"column":54}},"5":{"start":{"line":8,"column":18},"end":{"line":8,"column":20}},"6":{"start":{"line":9,"column":4},"end":{"line":11,"column":5}},"7":{"start":{"line":10,"column":6},"end":{"line":10,"column":43}},"8":{"start":{"line":12,"column":4},"end":{"line":14,"column":5}},"9":{"start":{"line":13,"column":6},"end":{"line":13,"column":26}},"10":{"start":{"line":15,"column":4},"end":{"line":19,"column":5}},"11":{"start":{"line":16,"column":6},"end":{"line":16,"column":23}},"12":{"start":{"line":17,"column":6},"end":{"line":17,"column":51}},"13":{"start":{"line":17,"column":20},"end":{"line":17,"column":51}},"14":{"start":{"line":18,"column":6},"end":{"line":18,"column":51}},"15":{"start":{"line":18,"column":20},"end":{"line":18,"column":51}},"16":{"start":{"line":21,"column":21},"end":{"line":34,"column":6}},"17":{"start":{"line":36,"column":4},"end":{"line":36,"column":23}},"18":{"start":{"line":38,"column":4},"end":{"line":38,"column":14}}},"fnMap":{"0":{"name":"(anonymous_0)","decl":{"start":{"line":4,"column":17},"end":{"line":4,"column":18}},"loc":{"start":{"line":4,"column":43},"end":{"line":40,"column":1}},"line":4}},"branchMap":{"0":{"loc":{"start":{"line":9,"column":4},"end":{"line":11,"column":5}},"type":"if","locations":[{"start":{"line":9,"column":4},"end":{"line":11,"column":5}},{"start":{},"end":{}}],"line":9},"1":{"loc":{"start":{"line":12,"column":4},"end":{"line":14,"column":5}},"type":"if","locations":[{"start":{"line":12,"column":4},"end":{"line":14,"column":5}},{"start":{},"end":{}}],"line":12},"2":{"loc":{"start":{"line":15,"column":4},"end":{"line":19,"column":5}},"type":"if","locations":[{"start":{"line":15,"column":4},"end":{"line":19,"column":5}},{"start":{},"end":{}}],"line":15},"3":{"loc":{"start":{"line":15,"column":8},"end":{"line":15,"column":28}},"type":"binary-expr","locations":[{"start":{"line":15,"column":8},"end":{"line":15,"column":16}},{"start":{"line":15,"column":20},"end":{"line":15,"column":28}}],"line":15},"4":{"loc":{"start":{"line":17,"column":6},"end":{"line":17,"column":51}},"type":"if","locations":[{"start":{"line":17,"column":6},"end":{"line":17,"column":51}},{"start":{},"end":{}}],"line":17},"5":{"loc":{"start":{"line":18,"column":6},"end":{"line":18,"column":51}},"type":"if","locations":[{"start":{"line":18,"column":6},"end":{"line":18,"column":51}},{"start":{},"end":{}}],"line":18}},"s":{"0":6,"1":6,"2":6,"3":4,"4":4,"5":4,"6":4,"7":2,"8":4,"9":1,"10":4,"11":1,"12":1,"13":1,"14":1,"15":1,"16":4,"17":4,"18":0},"f":{"0":4},"b":{"0":[2,2],"1":[1,3],"2":[1,3],"3":[4,3],"4":[1,0],"5":[1,0]},"_coverageSchema":"1a1c01bbd47fc00a2c39e90264f33305004495a9","hash":"c8b5a7dd9615e995394a046adfd95b9d1208e85d"}
,"/home/super-kiki/Bureau/Leslie/backend/src/controllers/adminProductController.js": {"path":"/home/super-kiki/Bureau/Leslie/backend/src/controllers/adminProductController.js","statementMap":{"0":{"start":{"line":1,"column":16},"end":{"line":1,"column":44}},"1":{"start":{"line":2,"column":14},"end":{"line":2,"column":40}},"2":{"start":{"line":3,"column":19},"end":{"line":3,"column":50}},"3":{"start":{"line":5,"column":0},"end":{"line":28,"column":2}},"4":{"start":{"line":6,"column":4},"end":{"line":27,"column":5}},"5":{"start":{"line":8,"column":24},"end":{"line":8,"column":54}},"6":{"start":{"line":11,"column":8},"end":{"line":19,"column":9}},"7":{"start":{"line":12,"column":31},"end":{"line":16,"column":15}},"8":{"start":{"line":12,"column":54},"end":{"line":16,"column":13}},"9":{"start":{"line":18,"column":12},"end":{"line":18,"column":47}},"10":{"start":{"line":20,"column":8},"end":{"line":23,"column":11}},"11":{"start":{"line":26,"column":8},"end":{"line":26,"column":18}},"12":{"start":{"line":30,"column":0},"end":{"line":56,"column":2}},"13":{"start":{"line":31,"column":4},"end":{"line":55,"column":5}},"14":{"start":{"line":32,"column":26},"end":{"line":32,"column":39}},"15":{"start":{"line":34,"column":24},"end":{"line":34,"column":57}},"16":{"start":{"line":36,"column":8},"end":{"line":38,"column":9}},"17":{"start":{"line":37,"column":12},"end":{"line":37,"column":103}},"18":{"start":{"line":40,"column":8},"end":{"line":40,"column":39}},"19":{"start":{"line":42,"column":8},"end":{"line":50,"column":9}},"20":{"start":{"line":43,"column":31},"end":{"line":47,"column":15}},"21":{"start":{"line":43,"column":54},"end":{"line":47,"column":13}},"22":{"start":{"line":49,"column":12},"end":{"line":49,"column":47}},"23":{"start":{"line":52,"column":8},"end":{"line":52,"column":64}},"24":{"start":{"line":54,"column":8},"end":{"line":54,"column":18}},"25":{"start":{"line":59,"column":0},"end":{"line":85,"column":2}},"26":{"start":{"line":60,"column":4},"end":{"line":84,"column":5}},"27":{"start":{"line":62,"column":23},"end":{"line":64,"column":10}},"28":{"start":{"line":66,"column":8},"end":{"line":70,"column":9}},"29":{"start":{"line":67,"column":12},"end":{"line":69,"column":13}},"30":{"start":{"line":68,"column":16},"end":{"line":68,"column":65}},"31":{"start":{"line":73,"column":24},"end":{"line":75,"column":10}},"32":{"start":{"line":77,"column":8},"end":{"line":79,"column":9}},"33":{"start":{"line":78,"column":12},"end":{"line":78,"column":75}},"34":{"start":{"line":81,"column":8},"end":{"line":81,"column":70}},"35":{"start":{"line":83,"column":8},"end":{"line":83,"column":18}},"36":{"start":{"line":87,"column":0},"end":{"line":103,"column":2}},"37":{"start":{"line":88,"column":4},"end":{"line":102,"column":5}},"38":{"start":{"line":89,"column":28},"end":{"line":89,"column":38}},"39":{"start":{"line":90,"column":20},"end":{"line":90,"column":49}},"40":{"start":{"line":91,"column":8},"end":{"line":93,"column":9}},"41":{"start":{"line":92,"column":12},"end":{"line":92,"column":74}},"42":{"start":{"line":94,"column":8},"end":{"line":96,"column":9}},"43":{"start":{"line":95,"column":12},"end":{"line":95,"column":61}},"44":{"start":{"line":97,"column":8},"end":{"line":97,"column":28}},"45":{"start":{"line":99,"column":8},"end":{"line":99,"column":61}},"46":{"start":{"line":101,"column":8},"end":{"line":101,"column":18}}},"fnMap":{"0":{"name":"(anonymous_0)","decl":{"start":{"line":5,"column":17},"end":{"line":5,"column":18}},"loc":{"start":{"line":5,"column":43},"end":{"line":28,"column":1}},"line":5},"1":{"name":"(anonymous_1)","decl":{"start":{"line":12,"column":45},"end":{"line":12,"column":46}},"loc":{"start":{"line":12,"column":54},"end":{"line":16,"column":13}},"line":12},"2":{"name":"(anonymous_2)","decl":{"start":{"line":30,"column":17},"end":{"line":30,"column":18}},"loc":{"start":{"line":30,"column":43},"end":{"line":56,"column":1}},"line":30},"3":{"name":"(anonymous_3)","decl":{"start":{"line":43,"column":45},"end":{"line":43,"column":46}},"loc":{"start":{"line":43,"column":54},"end":{"line":47,"column":13}},"line":43},"4":{"name":"(anonymous_4)","decl":{"start":{"line":59,"column":17},"end":{"line":59,"column":18}},"loc":{"start":{"line":59,"column":43},"end":{"line":85,"column":1}},"line":59},"5":{"name":"(anonymous_5)","decl":{"start":{"line":87,"column":22},"end":{"line":87,"column":23}},"loc":{"start":{"line":87,"column":48},"end":{"line":103,"column":1}},"line":87}},"branchMap":{"0":{"loc":{"start":{"line":11,"column":8},"end":{"line":19,"column":9}},"type":"if","locations":[{"start":{"line":11,"column":8},"end":{"line":19,"column":9}},{"start":{},"end":{}}],"line":11},"1":{"loc":{"start":{"line":11,"column":12},"end":{"line":11,"column":45}},"type":"binary-expr","locations":[{"start":{"line":11,"column":12},"end":{"line":11,"column":21}},{"start":{"line":11,"column":25},"end":{"line":11,"column":45}}],"line":11},"2":{"loc":{"start":{"line":36,"column":8},"end":{"line":38,"column":9}},"type":"if","locations":[{"start":{"line":36,"column":8},"end":{"line":38,"column":9}},{"start":{},"end":{}}],"line":36},"3":{"loc":{"start":{"line":42,"column":8},"end":{"line":50,"column":9}},"type":"if","locations":[{"start":{"line":42,"column":8},"end":{"line":50,"column":9}},{"start":{},"end":{}}],"line":42},"4":{"loc":{"start":{"line":42,"column":12},"end":{"line":42,"column":45}},"type":"binary-expr","locations":[{"start":{"line":42,"column":12},"end":{"line":42,"column":21}},{"start":{"line":42,"column":25},"end":{"line":42,"column":45}}],"line":42},"5":{"loc":{"start":{"line":67,"column":12},"end":{"line":69,"column":13}},"type":"if","locations":[{"start":{"line":67,"column":12},"end":{"line":69,"column":13}},{"start":{},"end":{}}],"line":67},"6":{"loc":{"start":{"line":77,"column":8},"end":{"line":79,"column":9}},"type":"if","locations":[{"start":{"line":77,"column":8},"end":{"line":79,"column":9}},{"start":{},"end":{}}],"line":77},"7":{"loc":{"start":{"line":91,"column":8},"end":{"line":93,"column":9}},"type":"if","locations":[{"start":{"line":91,"column":8},"end":{"line":93,"column":9}},{"start":{},"end":{}}],"line":91},"8":{"loc":{"start":{"line":94,"column":8},"end":{"line":96,"column":9}},"type":"if","locations":[{"start":{"line":94,"column":8},"end":{"line":96,"column":9}},{"start":{},"end":{}}],"line":94}},"s":{"0":6,"1":6,"2":6,"3":6,"4":2,"5":2,"6":2,"7":1,"8":1,"9":1,"10":2,"11":0,"12":6,"13":0,"14":0,"15":0,"16":0,"17":0,"18":0,"19":0,"20":0,"21":0,"22":0,"23":0,"24":0,"25":6,"26":1,"27":1,"28":1,"29":1,"30":1,"31":1,"32":1,"33":0,"34":1,"35":0,"36":6,"37":0,"38":0,"39":0,"40":0,"41":0,"42":0,"43":0,"44":0,"45":0,"46":0},"f":{"0":2,"1":1,"2":0,"3":0,"4":1,"5":0},"b":{"0":[1,1],"1":[2,1],"2":[0,0],"3":[0,0],"4":[0,0],"5":[1,0],"6":[0,1],"7":[0,0],"8":[0,0]},"_coverageSchema":"1a1c01bbd47fc00a2c39e90264f33305004495a9","hash":"3ddf166ef8b3ed385d127ca3af07eed11cca96ff"}
,"/home/super-kiki/Bureau/Leslie/backend/src/controllers/authControllers.js": {"path":"/home/super-kiki/Bureau/Leslie/backend/src/controllers/authControllers.js","statementMap":{"0":{"start":{"line":1,"column":15},"end":{"line":1,"column":32}},"1":{"start":{"line":2,"column":12},"end":{"line":2,"column":35}},"2":{"start":{"line":3,"column":14},"end":{"line":3,"column":40}},"3":{"start":{"line":4,"column":0},"end":{"line":38,"column":2}},"4":{"start":{"line":5,"column":4},"end":{"line":37,"column":5}},"5":{"start":{"line":6,"column":36},"end":{"line":6,"column":44}},"6":{"start":{"line":8,"column":22},"end":{"line":10,"column":10}},"7":{"start":{"line":12,"column":8},"end":{"line":14,"column":9}},"8":{"start":{"line":13,"column":12},"end":{"line":13,"column":97}},"9":{"start":{"line":16,"column":24},"end":{"line":16,"column":70}},"10":{"start":{"line":17,"column":8},"end":{"line":19,"column":9}},"11":{"start":{"line":18,"column":12},"end":{"line":18,"column":97}},"12":{"start":{"line":21,"column":22},"end":{"line":30,"column":9}},"13":{"start":{"line":32,"column":8},"end":{"line":32,"column":28}},"14":{"start":{"line":35,"column":8},"end":{"line":35,"column":53}},"15":{"start":{"line":36,"column":8},"end":{"line":36,"column":18}}},"fnMap":{"0":{"name":"(anonymous_0)","decl":{"start":{"line":4,"column":16},"end":{"line":4,"column":17}},"loc":{"start":{"line":4,"column":42},"end":{"line":38,"column":1}},"line":4}},"branchMap":{"0":{"loc":{"start":{"line":12,"column":8},"end":{"line":14,"column":9}},"type":"if","locations":[{"start":{"line":12,"column":8},"end":{"line":14,"column":9}},{"start":{},"end":{}}],"line":12},"1":{"loc":{"start":{"line":17,"column":8},"end":{"line":19,"column":9}},"type":"if","locations":[{"start":{"line":17,"column":8},"end":{"line":19,"column":9}},{"start":{},"end":{}}],"line":17}},"s":{"0":6,"1":6,"2":6,"3":6,"4":2,"5":2,"6":2,"7":2,"8":0,"9":2,"10":2,"11":1,"12":1,"13":1,"14":0,"15":0},"f":{"0":2},"b":{"0":[0,2],"1":[1,1]},"_coverageSchema":"1a1c01bbd47fc00a2c39e90264f33305004495a9","hash":"df13c54d2a89100e701e69655c546b6c4f25bdbe"}
,"/home/super-kiki/Bureau/Leslie/backend/src/controllers/categoryController.js": {"path":"/home/super-kiki/Bureau/Leslie/backend/src/controllers/categoryController.js","statementMap":{"0":{"start":{"line":1,"column":35},"end":{"line":1,"column":55}},"1":{"start":{"line":5,"column":0},"end":{"line":14,"column":2}},"2":{"start":{"line":6,"column":4},"end":{"line":13,"column":5}},"3":{"start":{"line":7,"column":27},"end":{"line":9,"column":10}},"4":{"start":{"line":10,"column":8},"end":{"line":10,"column":41}},"5":{"start":{"line":12,"column":8},"end":{"line":12,"column":18}},"6":{"start":{"line":18,"column":0},"end":{"line":36,"column":2}},"7":{"start":{"line":19,"column":4},"end":{"line":35,"column":5}},"8":{"start":{"line":20,"column":23},"end":{"line":20,"column":33}},"9":{"start":{"line":21,"column":25},"end":{"line":27,"column":10}},"10":{"start":{"line":28,"column":8},"end":{"line":31,"column":9}},"11":{"start":{"line":29,"column":12},"end":{"line":29,"column":76}},"12":{"start":{"line":32,"column":8},"end":{"line":32,"column":47}},"13":{"start":{"line":34,"column":8},"end":{"line":34,"column":20}},"14":{"start":{"line":41,"column":0},"end":{"line":49,"column":2}},"15":{"start":{"line":42,"column":4},"end":{"line":48,"column":5}},"16":{"start":{"line":44,"column":25},"end":{"line":44,"column":56}},"17":{"start":{"line":45,"column":8},"end":{"line":45,"column":39}},"18":{"start":{"line":47,"column":8},"end":{"line":47,"column":18}},"19":{"start":{"line":51,"column":0},"end":{"line":66,"column":2}},"20":{"start":{"line":52,"column":4},"end":{"line":65,"column":5}},"21":{"start":{"line":53,"column":23},"end":{"line":53,"column":33}},"22":{"start":{"line":54,"column":24},"end":{"line":56,"column":10}},"23":{"start":{"line":58,"column":8},"end":{"line":60,"column":9}},"24":{"start":{"line":59,"column":12},"end":{"line":59,"column":78}},"25":{"start":{"line":62,"column":8},"end":{"line":62,"column":65}},"26":{"start":{"line":64,"column":8},"end":{"line":64,"column":18}}},"fnMap":{"0":{"name":"(anonymous_0)","decl":{"start":{"line":5,"column":27},"end":{"line":5,"column":28}},"loc":{"start":{"line":5,"column":50},"end":{"line":14,"column":1}},"line":5},"1":{"name":"(anonymous_1)","decl":{"start":{"line":18,"column":32},"end":{"line":18,"column":33}},"loc":{"start":{"line":18,"column":57},"end":{"line":36,"column":1}},"line":18},"2":{"name":"(anonymous_2)","decl":{"start":{"line":41,"column":17},"end":{"line":41,"column":18}},"loc":{"start":{"line":41,"column":43},"end":{"line":49,"column":1}},"line":41},"3":{"name":"(anonymous_3)","decl":{"start":{"line":51,"column":17},"end":{"line":51,"column":18}},"loc":{"start":{"line":51,"column":43},"end":{"line":66,"column":1}},"line":51}},"branchMap":{"0":{"loc":{"start":{"line":28,"column":8},"end":{"line":31,"column":9}},"type":"if","locations":[{"start":{"line":28,"column":8},"end":{"line":31,"column":9}},{"start":{},"end":{}}],"line":28},"1":{"loc":{"start":{"line":58,"column":8},"end":{"line":60,"column":9}},"type":"if","locations":[{"start":{"line":58,"column":8},"end":{"line":60,"column":9}},{"start":{},"end":{}}],"line":58}},"s":{"0":6,"1":6,"2":2,"3":2,"4":1,"5":1,"6":6,"7":2,"8":2,"9":2,"10":2,"11":1,"12":1,"13":0,"14":6,"15":3,"16":3,"17":1,"18":2,"19":6,"20":2,"21":2,"22":2,"23":2,"24":1,"25":1,"26":0},"f":{"0":2,"1":2,"2":3,"3":2},"b":{"0":[1,1],"1":[1,1]},"_coverageSchema":"1a1c01bbd47fc00a2c39e90264f33305004495a9","hash":"600e630372251d4db2a139737bae28ecb05dedcd"}
,"/home/super-kiki/Bureau/Leslie/backend/src/controllers/productController.js": {"path":"/home/super-kiki/Bureau/Leslie/backend/src/controllers/productController.js","statementMap":{"0":{"start":{"line":1,"column":35},"end":{"line":1,"column":55}},"1":{"start":{"line":5,"column":0},"end":{"line":15,"column":2}},"2":{"start":{"line":6,"column":4},"end":{"line":14,"column":5}},"3":{"start":{"line":7,"column":25},"end":{"line":10,"column":10}},"4":{"start":{"line":11,"column":8},"end":{"line":11,"column":39}},"5":{"start":{"line":13,"column":8},"end":{"line":13,"column":20}},"6":{"start":{"line":19,"column":0},"end":{"line":35,"column":1}},"7":{"start":{"line":20,"column":4},"end":{"line":34,"column":5}},"8":{"start":{"line":21,"column":23},"end":{"line":21,"column":33}},"9":{"start":{"line":22,"column":24},"end":{"line":25,"column":10}},"10":{"start":{"line":27,"column":8},"end":{"line":30,"column":9}},"11":{"start":{"line":28,"column":12},"end":{"line":28,"column":73}},"12":{"start":{"line":31,"column":8},"end":{"line":31,"column":38}},"13":{"start":{"line":33,"column":8},"end":{"line":33,"column":19}}},"fnMap":{"0":{"name":"(anonymous_0)","decl":{"start":{"line":5,"column":24},"end":{"line":5,"column":25}},"loc":{"start":{"line":5,"column":48},"end":{"line":15,"column":1}},"line":5},"1":{"name":"(anonymous_1)","decl":{"start":{"line":19,"column":27},"end":{"line":19,"column":28}},"loc":{"start":{"line":19,"column":51},"end":{"line":35,"column":1}},"line":19}},"branchMap":{"0":{"loc":{"start":{"line":27,"column":8},"end":{"line":30,"column":9}},"type":"if","locations":[{"start":{"line":27,"column":8},"end":{"line":30,"column":9}},{"start":{},"end":{}}],"line":27}},"s":{"0":6,"1":6,"2":1,"3":1,"4":1,"5":0,"6":6,"7":1,"8":1,"9":1,"10":1,"11":1,"12":0,"13":0},"f":{"0":1,"1":1},"b":{"0":[1,0]},"_coverageSchema":"1a1c01bbd47fc00a2c39e90264f33305004495a9","hash":"a97b6fec3bec70ab95c317f2fade330edb0938d6"}
,"/home/super-kiki/Bureau/Leslie/backend/src/middlewares/authMiddleware.js": {"path":"/home/super-kiki/Bureau/Leslie/backend/src/middlewares/authMiddleware.js","statementMap":{"0":{"start":{"line":1,"column":12},"end":{"line":1,"column":35}},"1":{"start":{"line":3,"column":0},"end":{"line":16,"column":1}},"2":{"start":{"line":4,"column":23},"end":{"line":4,"column":48}},"3":{"start":{"line":5,"column":4},"end":{"line":7,"column":5}},"4":{"start":{"line":6,"column":8},"end":{"line":6,"column":63}},"5":{"start":{"line":8,"column":4},"end":{"line":15,"column":5}},"6":{"start":{"line":9,"column":22},"end":{"line":9,"column":46}},"7":{"start":{"line":10,"column":24},"end":{"line":10,"column":65}},"8":{"start":{"line":11,"column":8},"end":{"line":11,"column":34}},"9":{"start":{"line":12,"column":8},"end":{"line":12,"column":15}},"10":{"start":{"line":14,"column":8},"end":{"line":14,"column":64}}},"fnMap":{"0":{"name":"(anonymous_0)","decl":{"start":{"line":3,"column":17},"end":{"line":3,"column":18}},"loc":{"start":{"line":3,"column":36},"end":{"line":16,"column":1}},"line":3}},"branchMap":{"0":{"loc":{"start":{"line":5,"column":4},"end":{"line":7,"column":5}},"type":"if","locations":[{"start":{"line":5,"column":4},"end":{"line":7,"column":5}},{"start":{},"end":{}}],"line":5},"1":{"loc":{"start":{"line":5,"column":7},"end":{"line":5,"column":53}},"type":"binary-expr","locations":[{"start":{"line":5,"column":7},"end":{"line":5,"column":18}},{"start":{"line":5,"column":21},"end":{"line":5,"column":53}}],"line":5}},"s":{"0":6,"1":6,"2":9,"3":9,"4":1,"5":8,"6":8,"7":8,"8":8,"9":8,"10":0},"f":{"0":9},"b":{"0":[1,8],"1":[9,8]},"_coverageSchema":"1a1c01bbd47fc00a2c39e90264f33305004495a9","hash":"aea37875b8fddb3078ad949d687a534571865ba4"}
,"/home/super-kiki/Bureau/Leslie/backend/src/middlewares/errorMiddleware.js": {"path":"/home/super-kiki/Bureau/Leslie/backend/src/middlewares/errorMiddleware.js","statementMap":{"0":{"start":{"line":1,"column":0},"end":{"line":38,"column":2}},"1":{"start":{"line":3,"column":4},"end":{"line":5,"column":5}},"2":{"start":{"line":4,"column":8},"end":{"line":4,"column":37}},"3":{"start":{"line":8,"column":4},"end":{"line":14,"column":5}},"4":{"start":{"line":9,"column":8},"end":{"line":13,"column":11}},"5":{"start":{"line":12,"column":40},"end":{"line":12,"column":49}},"6":{"start":{"line":17,"column":4},"end":{"line":23,"column":5}},"7":{"start":{"line":18,"column":8},"end":{"line":22,"column":11}},"8":{"start":{"line":21,"column":40},"end":{"line":21,"column":49}},"9":{"start":{"line":26,"column":4},"end":{"line":31,"column":5}},"10":{"start":{"line":27,"column":8},"end":{"line":30,"column":11}},"11":{"start":{"line":34,"column":4},"end":{"line":37,"column":7}}},"fnMap":{"0":{"name":"(anonymous_0)","decl":{"start":{"line":1,"column":17},"end":{"line":1,"column":18}},"loc":{"start":{"line":1,"column":42},"end":{"line":38,"column":1}},"line":1},"1":{"name":"(anonymous_1)","decl":{"start":{"line":12,"column":35},"end":{"line":12,"column":36}},"loc":{"start":{"line":12,"column":40},"end":{"line":12,"column":49}},"line":12},"2":{"name":"(anonymous_2)","decl":{"start":{"line":21,"column":35},"end":{"line":21,"column":36}},"loc":{"start":{"line":21,"column":40},"end":{"line":21,"column":49}},"line":21}},"branchMap":{"0":{"loc":{"start":{"line":3,"column":4},"end":{"line":5,"column":5}},"type":"if","locations":[{"start":{"line":3,"column":4},"end":{"line":5,"column":5}},{"start":{},"end":{}}],"line":3},"1":{"loc":{"start":{"line":8,"column":4},"end":{"line":14,"column":5}},"type":"if","locations":[{"start":{"line":8,"column":4},"end":{"line":14,"column":5}},{"start":{},"end":{}}],"line":8},"2":{"loc":{"start":{"line":17,"column":4},"end":{"line":23,"column":5}},"type":"if","locations":[{"start":{"line":17,"column":4},"end":{"line":23,"column":5}},{"start":{},"end":{}}],"line":17},"3":{"loc":{"start":{"line":26,"column":4},"end":{"line":31,"column":5}},"type":"if","locations":[{"start":{"line":26,"column":4},"end":{"line":31,"column":5}},{"start":{},"end":{}}],"line":26}},"s":{"0":6,"1":3,"2":0,"3":3,"4":1,"5":1,"6":2,"7":1,"8":1,"9":1,"10":0,"11":1},"f":{"0":3,"1":1,"2":1},"b":{"0":[0,3],"1":[1,2],"2":[1,1],"3":[0,1]},"_coverageSchema":"1a1c01bbd47fc00a2c39e90264f33305004495a9","hash":"61736717c3bd779dab1f6b5d0e00b4145703530e"}
,"/home/super-kiki/Bureau/Leslie/backend/src/middlewares/rateLimiteMiddleware.js": {"path":"/home/super-kiki/Bureau/Leslie/backend/src/middlewares/rateLimiteMiddleware.js","statementMap":{"0":{"start":{"line":1,"column":18},"end":{"line":1,"column":47}},"1":{"start":{"line":3,"column":19},"end":{"line":10,"column":2}},"2":{"start":{"line":12,"column":0},"end":{"line":12,"column":28}}},"fnMap":{},"branchMap":{},"s":{"0":6,"1":6,"2":6},"f":{},"b":{},"_coverageSchema":"1a1c01bbd47fc00a2c39e90264f33305004495a9","hash":"deb46a4e9e9a27ba8e656a4f94a551ff66a9f066"}
,"/home/super-kiki/Bureau/Leslie/backend/src/middlewares/uploadMiddleware.js": {"path":"/home/super-kiki/Bureau/Leslie/backend/src/middlewares/uploadMiddleware.js","statementMap":{"0":{"start":{"line":1,"column":15},"end":{"line":1,"column":32}},"1":{"start":{"line":2,"column":30},"end":{"line":2,"column":66}},"2":{"start":{"line":3,"column":19},"end":{"line":3,"column":50}},"3":{"start":{"line":5,"column":16},"end":{"line":17,"column":2}},"4":{"start":{"line":19,"column":0},"end":{"line":19,"column":34}}},"fnMap":{},"branchMap":{},"s":{"0":6,"1":6,"2":6,"3":6,"4":6},"f":{},"b":{},"_coverageSchema":"1a1c01bbd47fc00a2c39e90264f33305004495a9","hash":"353c0e2ccac19cf2557f0b432dd574dfd7020627"}
,"/home/super-kiki/Bureau/Leslie/backend/src/models/Admin.js": {"path":"/home/super-kiki/Bureau/Leslie/backend/src/models/Admin.js","statementMap":{"0":{"start":{"line":1,"column":22},"end":{"line":1,"column":42}},"1":{"start":{"line":2,"column":18},"end":{"line":2,"column":47}},"2":{"start":{"line":4,"column":14},"end":{"line":15,"column":2}},"3":{"start":{"line":17,"column":0},"end":{"line":17,"column":23}}},"fnMap":{},"branchMap":{},"s":{"0":6,"1":6,"2":6,"3":6},"f":{},"b":{},"_coverageSchema":"1a1c01bbd47fc00a2c39e90264f33305004495a9","hash":"9ecc0847fee70d9d23ef2b5f88a093a14130f5bc"}
,"/home/super-kiki/Bureau/Leslie/backend/src/models/Category.js": {"path":"/home/super-kiki/Bureau/Leslie/backend/src/models/Category.js","statementMap":{"0":{"start":{"line":2,"column":22},"end":{"line":2,"column":42}},"1":{"start":{"line":3,"column":18},"end":{"line":3,"column":47}},"2":{"start":{"line":4,"column":16},"end":{"line":4,"column":43}},"3":{"start":{"line":6,"column":17},"end":{"line":24,"column":2}},"4":{"start":{"line":19,"column":12},"end":{"line":21,"column":13}},"5":{"start":{"line":20,"column":16},"end":{"line":20,"column":86}},"6":{"start":{"line":26,"column":0},"end":{"line":26,"column":26}}},"fnMap":{"0":{"name":"(anonymous_0)","decl":{"start":{"line":18,"column":24},"end":{"line":18,"column":25}},"loc":{"start":{"line":18,"column":38},"end":{"line":22,"column":9}},"line":18}},"branchMap":{"0":{"loc":{"start":{"line":19,"column":12},"end":{"line":21,"column":13}},"type":"if","locations":[{"start":{"line":19,"column":12},"end":{"line":21,"column":13}},{"start":{},"end":{}}],"line":19}},"s":{"0":6,"1":6,"2":6,"3":6,"4":4,"5":3,"6":6},"f":{"0":4},"b":{"0":[3,1]},"_coverageSchema":"1a1c01bbd47fc00a2c39e90264f33305004495a9","hash":"dd959c5d99f20e2a1c0db4bf18414e617d8ca73d"}
,"/home/super-kiki/Bureau/Leslie/backend/src/models/Image.js": {"path":"/home/super-kiki/Bureau/Leslie/backend/src/models/Image.js","statementMap":{"0":{"start":{"line":1,"column":22},"end":{"line":1,"column":42}},"1":{"start":{"line":2,"column":18},"end":{"line":2,"column":47}},"2":{"start":{"line":4,"column":18},"end":{"line":13,"column":6}},"3":{"start":{"line":15,"column":4},"end":{"line":20,"column":6}},"4":{"start":{"line":16,"column":8},"end":{"line":19,"column":10}},"5":{"start":{"line":23,"column":4},"end":{"line":23,"column":28}}},"fnMap":{"0":{"name":"(anonymous_0)","decl":{"start":{"line":15,"column":22},"end":{"line":15,"column":23}},"loc":{"start":{"line":15,"column":31},"end":{"line":20,"column":5}},"line":15}},"branchMap":{},"s":{"0":6,"1":6,"2":6,"3":6,"4":0,"5":6},"f":{"0":0},"b":{},"_coverageSchema":"1a1c01bbd47fc00a2c39e90264f33305004495a9","hash":"f111ff9d60fab4fa2e666a3f72099225a7020afc"}
,"/home/super-kiki/Bureau/Leslie/backend/src/models/Product.js": {"path":"/home/super-kiki/Bureau/Leslie/backend/src/models/Product.js","statementMap":{"0":{"start":{"line":1,"column":24},"end":{"line":1,"column":44}},"1":{"start":{"line":2,"column":18},"end":{"line":2,"column":47}},"2":{"start":{"line":3,"column":16},"end":{"line":3,"column":43}},"3":{"start":{"line":5,"column":16},"end":{"line":106,"column":1}},"4":{"start":{"line":68,"column":8},"end":{"line":79,"column":9}},"5":{"start":{"line":69,"column":27},"end":{"line":69,"column":48}},"6":{"start":{"line":70,"column":23},"end":{"line":70,"column":31}},"7":{"start":{"line":71,"column":23},"end":{"line":71,"column":24}},"8":{"start":{"line":72,"column":12},"end":{"line":77,"column":13}},"9":{"start":{"line":76,"column":16},"end":{"line":76,"column":48}},"10":{"start":{"line":78,"column":12},"end":{"line":78,"column":32}},"11":{"start":{"line":84,"column":8},"end":{"line":100,"column":9}},"12":{"start":{"line":85,"column":27},"end":{"line":85,"column":48}},"13":{"start":{"line":86,"column":23},"end":{"line":86,"column":31}},"14":{"start":{"line":87,"column":24},"end":{"line":87,"column":25}},"15":{"start":{"line":88,"column":12},"end":{"line":98,"column":13}},"16":{"start":{"line":97,"column":16},"end":{"line":97,"column":46}},"17":{"start":{"line":99,"column":12},"end":{"line":99,"column":32}},"18":{"start":{"line":108,"column":0},"end":{"line":108,"column":25}}},"fnMap":{"0":{"name":"(anonymous_0)","decl":{"start":{"line":67,"column":18},"end":{"line":67,"column":19}},"loc":{"start":{"line":67,"column":35},"end":{"line":80,"column":5}},"line":67},"1":{"name":"(anonymous_1)","decl":{"start":{"line":83,"column":19},"end":{"line":83,"column":20}},"loc":{"start":{"line":83,"column":36},"end":{"line":101,"column":5}},"line":83}},"branchMap":{"0":{"loc":{"start":{"line":68,"column":8},"end":{"line":79,"column":9}},"type":"if","locations":[{"start":{"line":68,"column":8},"end":{"line":79,"column":9}},{"start":{},"end":{}}],"line":68},"1":{"loc":{"start":{"line":84,"column":8},"end":{"line":100,"column":9}},"type":"if","locations":[{"start":{"line":84,"column":8},"end":{"line":100,"column":9}},{"start":{},"end":{}}],"line":84}},"s":{"0":6,"1":6,"2":6,"3":6,"4":3,"5":3,"6":3,"7":3,"8":3,"9":0,"10":3,"11":0,"12":0,"13":0,"14":0,"15":0,"16":0,"17":0,"18":6},"f":{"0":3,"1":0},"b":{"0":[3,0],"1":[0,0]},"_coverageSchema":"1a1c01bbd47fc00a2c39e90264f33305004495a9","hash":"7befebcd18fa7389d700bce4e93285ff248e60c6"}
,"/home/super-kiki/Bureau/Leslie/backend/src/models/ProductImage.js": {"path":"/home/super-kiki/Bureau/Leslie/backend/src/models/ProductImage.js","statementMap":{"0":{"start":{"line":1,"column":20},"end":{"line":1,"column":40}},"1":{"start":{"line":2,"column":18},"end":{"line":2,"column":47}},"2":{"start":{"line":4,"column":21},"end":{"line":9,"column":2}},"3":{"start":{"line":11,"column":0},"end":{"line":11,"column":30}}},"fnMap":{},"branchMap":{},"s":{"0":6,"1":6,"2":6,"3":6},"f":{},"b":{},"_coverageSchema":"1a1c01bbd47fc00a2c39e90264f33305004495a9","hash":"cf8bc2b458858b8402bcdd95f7c662b5fb854a31"}
,"/home/super-kiki/Bureau/Leslie/backend/src/models/index.js": {"path":"/home/super-kiki/Bureau/Leslie/backend/src/models/index.js","statementMap":{"0":{"start":{"line":1,"column":17},"end":{"line":1,"column":38}},"1":{"start":{"line":2,"column":16},"end":{"line":2,"column":36}},"2":{"start":{"line":3,"column":21},"end":{"line":3,"column":46}},"3":{"start":{"line":4,"column":14},"end":{"line":4,"column":32}},"4":{"start":{"line":5,"column":0},"end":{"line":5,"column":54}},"5":{"start":{"line":6,"column":0},"end":{"line":6,"column":55}},"6":{"start":{"line":7,"column":0},"end":{"line":7,"column":57}},"7":{"start":{"line":8,"column":0},"end":{"line":8,"column":50}},"8":{"start":{"line":9,"column":0},"end":{"line":9,"column":58}},"9":{"start":{"line":11,"column":0},"end":{"line":16,"column":2}}},"fnMap":{},"branchMap":{},"s":{"0":6,"1":6,"2":6,"3":6,"4":6,"5":6,"6":6,"7":6,"8":6,"9":6},"f":{},"b":{},"_coverageSchema":"1a1c01bbd47fc00a2c39e90264f33305004495a9","hash":"fa54a909754a9193f1fabb16de6dffe06197e4d2"}
,"/home/super-kiki/Bureau/Leslie/backend/src/routes/ProdRoutes.js": {"path":"/home/super-kiki/Bureau/Leslie/backend/src/routes/ProdRoutes.js","statementMap":{"0":{"start":{"line":1,"column":15},"end":{"line":1,"column":42}},"1":{"start":{"line":2,"column":19},"end":{"line":2,"column":59}},"2":{"start":{"line":4,"column":0},"end":{"line":4,"column":41}},"3":{"start":{"line":6,"column":0},"end":{"line":6,"column":24}}},"fnMap":{},"branchMap":{},"s":{"0":6,"1":6,"2":6,"3":6},"f":{},"b":{},"_coverageSchema":"1a1c01bbd47fc00a2c39e90264f33305004495a9","hash":"e2dc28900c9ca8ff9cbd671c3bf47496f269ede1"}
,"/home/super-kiki/Bureau/Leslie/backend/src/routes/adminProductRoute.js": {"path":"/home/super-kiki/Bureau/Leslie/backend/src/routes/adminProductRoute.js","statementMap":{"0":{"start":{"line":1,"column":16},"end":{"line":1,"column":34}},"1":{"start":{"line":2,"column":15},"end":{"line":2,"column":31}},"2":{"start":{"line":3,"column":13},"end":{"line":3,"column":53}},"3":{"start":{"line":4,"column":19},"end":{"line":4,"column":67}},"4":{"start":{"line":5,"column":27},"end":{"line":5,"column":71}},"5":{"start":{"line":6,"column":17},"end":{"line":6,"column":59}},"6":{"start":{"line":7,"column":26},"end":{"line":7,"column":69}},"7":{"start":{"line":8,"column":0},"end":{"line":13,"column":2}},"8":{"start":{"line":15,"column":0},"end":{"line":20,"column":2}},"9":{"start":{"line":22,"column":0},"end":{"line":22,"column":56}},"10":{"start":{"line":24,"column":0},"end":{"line":24,"column":60}},"11":{"start":{"line":25,"column":0},"end":{"line":25,"column":62}},"12":{"start":{"line":26,"column":0},"end":{"line":26,"column":64}},"13":{"start":{"line":27,"column":0},"end":{"line":27,"column":66}},"14":{"start":{"line":28,"column":0},"end":{"line":28,"column":24}}},"fnMap":{},"branchMap":{},"s":{"0":6,"1":6,"2":6,"3":6,"4":6,"5":6,"6":6,"7":6,"8":6,"9":6,"10":6,"11":6,"12":6,"13":6,"14":6},"f":{},"b":{},"_coverageSchema":"1a1c01bbd47fc00a2c39e90264f33305004495a9","hash":"a621c87a004d67d2bf6695b60e093d7d9beb0a97"}
,"/home/super-kiki/Bureau/Leslie/backend/src/routes/authRoutes.js": {"path":"/home/super-kiki/Bureau/Leslie/backend/src/routes/authRoutes.js","statementMap":{"0":{"start":{"line":1,"column":16},"end":{"line":1,"column":34}},"1":{"start":{"line":2,"column":15},"end":{"line":2,"column":31}},"2":{"start":{"line":3,"column":24},"end":{"line":3,"column":65}},"3":{"start":{"line":5,"column":0},"end":{"line":5,"column":47}},"4":{"start":{"line":7,"column":0},"end":{"line":7,"column":25}}},"fnMap":{},"branchMap":{},"s":{"0":6,"1":6,"2":6,"3":6,"4":6},"f":{},"b":{},"_coverageSchema":"1a1c01bbd47fc00a2c39e90264f33305004495a9","hash":"55ef25f0747ab4bc5e5fae48db4ed481e423b144"}
,"/home/super-kiki/Bureau/Leslie/backend/src/routes/categoryRoutes.js": {"path":"/home/super-kiki/Bureau/Leslie/backend/src/routes/categoryRoutes.js","statementMap":{"0":{"start":{"line":1,"column":16},"end":{"line":1,"column":34}},"1":{"start":{"line":2,"column":15},"end":{"line":2,"column":31}},"2":{"start":{"line":3,"column":26},"end":{"line":3,"column":70}},"3":{"start":{"line":4,"column":13},"end":{"line":4,"column":53}},"4":{"start":{"line":5,"column":0},"end":{"line":5,"column":53}},"5":{"start":{"line":6,"column":0},"end":{"line":6,"column":72}},"6":{"start":{"line":8,"column":0},"end":{"line":8,"column":24}}},"fnMap":{},"branchMap":{},"s":{"0":6,"1":6,"2":6,"3":6,"4":6,"5":6,"6":6},"f":{},"b":{},"_coverageSchema":"1a1c01bbd47fc00a2c39e90264f33305004495a9","hash":"5a3e1c09e7d68858b9d67f7f193dbc070162b69a"}
,"/home/super-kiki/Bureau/Leslie/backend/src/routes/productRoutes.js": {"path":"/home/super-kiki/Bureau/Leslie/backend/src/routes/productRoutes.js","statementMap":{"0":{"start":{"line":1,"column":16},"end":{"line":1,"column":34}},"1":{"start":{"line":2,"column":15},"end":{"line":2,"column":31}},"2":{"start":{"line":3,"column":26},"end":{"line":3,"column":69}},"3":{"start":{"line":5,"column":0},"end":{"line":5,"column":50}},"4":{"start":{"line":6,"column":0},"end":{"line":6,"column":58}},"5":{"start":{"line":8,"column":0},"end":{"line":8,"column":24}}},"fnMap":{},"branchMap":{},"s":{"0":6,"1":6,"2":6,"3":6,"4":6,"5":6},"f":{},"b":{},"_coverageSchema":"1a1c01bbd47fc00a2c39e90264f33305004495a9","hash":"05627c9ec06e2b0ce26fc3e10f54aa3176b9a118"}
,"/home/super-kiki/Bureau/Leslie/backend/src/utils/slugify.js": {"path":"/home/super-kiki/Bureau/Leslie/backend/src/utils/slugify.js","statementMap":{"0":{"start":{"line":1,"column":0},"end":{"line":11,"column":1}},"1":{"start":{"line":3,"column":4},"end":{"line":10,"column":30}}},"fnMap":{"0":{"name":"slugify","decl":{"start":{"line":1,"column":26},"end":{"line":1,"column":33}},"loc":{"start":{"line":2,"column":0},"end":{"line":11,"column":1}},"line":2}},"branchMap":{},"s":{"0":7,"1":8},"f":{"0":8},"b":{},"_coverageSchema":"1a1c01bbd47fc00a2c39e90264f33305004495a9","hash":"510259610b6f3e871badf62d4dc9d9793601c8a8"}
}
