TN:
SF:src/app.js
FNF:0
FNH:0
DA:1,6
DA:2,6
DA:3,6
DA:4,6
DA:6,6
DA:7,6
DA:8,6
DA:9,6
DA:11,6
DA:12,6
DA:13,6
DA:14,6
DA:16,6
DA:25,6
DA:26,6
DA:27,6
DA:30,6
DA:31,6
DA:32,6
DA:33,6
DA:34,6
DA:35,6
DA:36,6
DA:37,6
LF:24
LH:24
BRF:0
BRH:0
end_of_record
TN:
SF:src/config/cloudinary.js
FNF:0
FNH:0
DA:1,5
DA:3,5
DA:9,5
LF:3
LH:3
BRF:0
BRH:0
end_of_record
TN:
SF:src/config/database.js
FNF:0
FNH:0
DA:1,6
DA:2,6
DA:4,6
DA:13,6
DA:19,6
DA:21,6
LF:6
LH:6
BRDA:9,0,0,6
BRDA:9,0,1,0
BRF:2
BRH:1
end_of_record
TN:
SF:src/controllers/ProdController.js
FN:4,(anonymous_0)
FNF:1
FNH:1
FNDA:4,(anonymous_0)
DA:1,6
DA:2,6
DA:4,6
DA:5,4
DA:6,4
DA:8,4
DA:9,4
DA:10,2
DA:12,4
DA:13,1
DA:15,4
DA:16,1
DA:17,1
DA:18,1
DA:21,4
DA:36,4
DA:38,0
LF:17
LH:16
BRDA:9,0,0,2
BRDA:9,0,1,2
BRDA:12,1,0,1
BRDA:12,1,1,3
BRDA:15,2,0,1
BRDA:15,2,1,3
BRDA:15,3,0,4
BRDA:15,3,1,3
BRDA:17,4,0,1
BRDA:17,4,1,0
BRDA:18,5,0,1
BRDA:18,5,1,0
BRF:12
BRH:10
end_of_record
TN:
SF:src/controllers/adminProductController.js
FN:5,(anonymous_0)
FN:12,(anonymous_1)
FN:30,(anonymous_2)
FN:43,(anonymous_3)
FN:59,(anonymous_4)
FN:87,(anonymous_5)
FNF:6
FNH:3
FNDA:2,(anonymous_0)
FNDA:1,(anonymous_1)
FNDA:0,(anonymous_2)
FNDA:0,(anonymous_3)
FNDA:1,(anonymous_4)
FNDA:0,(anonymous_5)
DA:1,6
DA:2,6
DA:3,6
DA:5,6
DA:6,2
DA:8,2
DA:11,2
DA:12,1
DA:18,1
DA:20,2
DA:26,0
DA:30,6
DA:31,0
DA:32,0
DA:34,0
DA:36,0
DA:37,0
DA:40,0
DA:42,0
DA:43,0
DA:49,0
DA:52,0
DA:54,0
DA:59,6
DA:60,1
DA:62,1
DA:66,1
DA:67,1
DA:68,1
DA:73,1
DA:77,1
DA:78,0
DA:81,1
DA:83,0
DA:87,6
DA:88,0
DA:89,0
DA:90,0
DA:91,0
DA:92,0
DA:94,0
DA:95,0
DA:97,0
DA:99,0
DA:101,0
LF:45
LH:21
BRDA:11,0,0,1
BRDA:11,0,1,1
BRDA:11,1,0,2
BRDA:11,1,1,1
BRDA:36,2,0,0
BRDA:36,2,1,0
BRDA:42,3,0,0
BRDA:42,3,1,0
BRDA:42,4,0,0
BRDA:42,4,1,0
BRDA:67,5,0,1
BRDA:67,5,1,0
BRDA:77,6,0,0
BRDA:77,6,1,1
BRDA:91,7,0,0
BRDA:91,7,1,0
BRDA:94,8,0,0
BRDA:94,8,1,0
BRF:18
BRH:6
end_of_record
TN:
SF:src/controllers/authControllers.js
FN:4,(anonymous_0)
FNF:1
FNH:1
FNDA:2,(anonymous_0)
DA:1,6
DA:2,6
DA:3,6
DA:4,6
DA:5,2
DA:6,2
DA:8,2
DA:12,2
DA:13,0
DA:16,2
DA:17,2
DA:18,1
DA:21,1
DA:32,1
DA:35,0
DA:36,0
LF:16
LH:13
BRDA:12,0,0,0
BRDA:12,0,1,2
BRDA:17,1,0,1
BRDA:17,1,1,1
BRF:4
BRH:3
end_of_record
TN:
SF:src/controllers/categoryController.js
FN:5,(anonymous_0)
FN:18,(anonymous_1)
FN:41,(anonymous_2)
FN:51,(anonymous_3)
FNF:4
FNH:4
FNDA:2,(anonymous_0)
FNDA:2,(anonymous_1)
FNDA:3,(anonymous_2)
FNDA:2,(anonymous_3)
DA:1,6
DA:5,6
DA:6,2
DA:7,2
DA:10,1
DA:12,1
DA:18,6
DA:19,2
DA:20,2
DA:21,2
DA:28,2
DA:29,1
DA:32,1
DA:34,0
DA:41,6
DA:42,3
DA:44,3
DA:45,1
DA:47,2
DA:51,6
DA:52,2
DA:53,2
DA:54,2
DA:58,2
DA:59,1
DA:62,1
DA:64,0
LF:27
LH:25
BRDA:28,0,0,1
BRDA:28,0,1,1
BRDA:58,1,0,1
BRDA:58,1,1,1
BRF:4
BRH:4
end_of_record
TN:
SF:src/controllers/productController.js
FN:5,(anonymous_0)
FN:19,(anonymous_1)
FNF:2
FNH:2
FNDA:1,(anonymous_0)
FNDA:1,(anonymous_1)
DA:1,6
DA:5,6
DA:6,1
DA:7,1
DA:11,1
DA:13,0
DA:19,6
DA:20,1
DA:21,1
DA:22,1
DA:27,1
DA:28,1
DA:31,0
DA:33,0
LF:14
LH:11
BRDA:27,0,0,1
BRDA:27,0,1,0
BRF:2
BRH:1
end_of_record
TN:
SF:src/middlewares/authMiddleware.js
FN:3,(anonymous_0)
FNF:1
FNH:1
FNDA:9,(anonymous_0)
DA:1,6
DA:3,6
DA:4,9
DA:5,9
DA:6,1
DA:8,8
DA:9,8
DA:10,8
DA:11,8
DA:12,8
DA:14,0
LF:11
LH:10
BRDA:5,0,0,1
BRDA:5,0,1,8
BRDA:5,1,0,9
BRDA:5,1,1,8
BRF:4
BRH:4
end_of_record
TN:
SF:src/middlewares/errorMiddleware.js
FN:1,(anonymous_0)
FN:12,(anonymous_1)
FN:21,(anonymous_2)
FNF:3
FNH:3
FNDA:3,(anonymous_0)
FNDA:1,(anonymous_1)
FNDA:1,(anonymous_2)
DA:1,6
DA:3,3
DA:4,0
DA:8,3
DA:9,1
DA:12,1
DA:17,2
DA:18,1
DA:21,1
DA:26,1
DA:27,0
DA:34,1
LF:12
LH:10
BRDA:3,0,0,0
BRDA:3,0,1,3
BRDA:8,1,0,1
BRDA:8,1,1,2
BRDA:17,2,0,1
BRDA:17,2,1,1
BRDA:26,3,0,0
BRDA:26,3,1,1
BRF:8
BRH:6
end_of_record
TN:
SF:src/middlewares/rateLimiteMiddleware.js
FNF:0
FNH:0
DA:1,6
DA:3,6
DA:12,6
LF:3
LH:3
BRF:0
BRH:0
end_of_record
TN:
SF:src/middlewares/uploadMiddleware.js
FNF:0
FNH:0
DA:1,6
DA:2,6
DA:3,6
DA:5,6
DA:19,6
LF:5
LH:5
BRF:0
BRH:0
end_of_record
TN:
SF:src/models/Admin.js
FNF:0
FNH:0
DA:1,6
DA:2,6
DA:4,6
DA:17,6
LF:4
LH:4
BRF:0
BRH:0
end_of_record
TN:
SF:src/models/Category.js
FN:18,(anonymous_0)
FNF:1
FNH:1
FNDA:4,(anonymous_0)
DA:2,6
DA:3,6
DA:4,6
DA:6,6
DA:19,4
DA:20,3
DA:26,6
LF:7
LH:7
BRDA:19,0,0,3
BRDA:19,0,1,1
BRF:2
BRH:2
end_of_record
TN:
SF:src/models/Image.js
FN:15,(anonymous_0)
FNF:1
FNH:0
FNDA:0,(anonymous_0)
DA:1,6
DA:2,6
DA:4,6
DA:15,6
DA:16,0
DA:23,6
LF:6
LH:5
BRF:0
BRH:0
end_of_record
TN:
SF:src/models/Product.js
FN:67,(anonymous_0)
FN:83,(anonymous_1)
FNF:2
FNH:1
FNDA:3,(anonymous_0)
FNDA:0,(anonymous_1)
DA:1,6
DA:2,6
DA:3,6
DA:5,6
DA:68,3
DA:69,3
DA:70,3
DA:71,3
DA:72,3
DA:76,0
DA:78,3
DA:84,0
DA:85,0
DA:86,0
DA:87,0
DA:88,0
DA:97,0
DA:99,0
DA:108,6
LF:19
LH:11
BRDA:68,0,0,3
BRDA:68,0,1,0
BRDA:84,1,0,0
BRDA:84,1,1,0
BRF:4
BRH:1
end_of_record
TN:
SF:src/models/ProductImage.js
FNF:0
FNH:0
DA:1,6
DA:2,6
DA:4,6
DA:11,6
LF:4
LH:4
BRF:0
BRH:0
end_of_record
TN:
SF:src/models/index.js
FNF:0
FNH:0
DA:1,6
DA:2,6
DA:3,6
DA:4,6
DA:5,6
DA:6,6
DA:7,6
DA:8,6
DA:9,6
DA:11,6
LF:10
LH:10
BRF:0
BRH:0
end_of_record
TN:
SF:src/routes/ProdRoutes.js
FNF:0
FNH:0
DA:1,6
DA:2,6
DA:4,6
DA:6,6
LF:4
LH:4
BRF:0
BRH:0
end_of_record
TN:
SF:src/routes/adminProductRoute.js
FNF:0
FNH:0
DA:1,6
DA:2,6
DA:3,6
DA:4,6
DA:5,6
DA:6,6
DA:7,6
DA:8,6
DA:15,6
DA:22,6
DA:24,6
DA:25,6
DA:26,6
DA:27,6
DA:28,6
LF:15
LH:15
BRF:0
BRH:0
end_of_record
TN:
SF:src/routes/authRoutes.js
FNF:0
FNH:0
DA:1,6
DA:2,6
DA:3,6
DA:5,6
DA:7,6
LF:5
LH:5
BRF:0
BRH:0
end_of_record
TN:
SF:src/routes/categoryRoutes.js
FNF:0
FNH:0
DA:1,6
DA:2,6
DA:3,6
DA:4,6
DA:5,6
DA:6,6
DA:8,6
LF:7
LH:7
BRF:0
BRH:0
end_of_record
TN:
SF:src/routes/productRoutes.js
FNF:0
FNH:0
DA:1,6
DA:2,6
DA:3,6
DA:5,6
DA:6,6
DA:8,6
LF:6
LH:6
BRF:0
BRH:0
end_of_record
TN:
SF:src/utils/slugify.js
FN:1,slugify
FNF:1
FNH:1
FNDA:8,slugify
DA:1,7
DA:3,8
LF:2
LH:2
BRF:0
BRH:0
end_of_record
